{"/Users/aleksandrtagunov/Desktop/testJS/cart.js": {"path":"/Users/aleksandrtagunov/Desktop/testJS/cart.js","statementMap":{"0":{"start":{"line":1,"column":15},"end":{"line":1,"column":40}},"1":{"start":{"line":3,"column":19},"end":{"line":5,"column":1}},"2":{"start":{"line":4,"column":2},"end":{"line":4,"column":42}},"3":{"start":{"line":6,"column":16},"end":{"line":8,"column":1}},"4":{"start":{"line":7,"column":2},"end":{"line":7,"column":55}},"5":{"start":{"line":10,"column":0},"end":{"line":13,"column":2}}},"fnMap":{"0":{"name":"(anonymous_0)","decl":{"start":{"line":3,"column":19},"end":{"line":3,"column":20}},"loc":{"start":{"line":3,"column":33},"end":{"line":5,"column":1}},"line":3},"1":{"name":"(anonymous_1)","decl":{"start":{"line":6,"column":16},"end":{"line":6,"column":17}},"loc":{"start":{"line":6,"column":38},"end":{"line":8,"column":1}},"line":6}},"branchMap":{},"s":{"0":1,"1":1,"2":2,"3":1,"4":1,"5":1},"f":{"0":2,"1":1},"b":{},"_coverageSchema":"1a1c01bbd47fc00a2c39e90264f33305004495a9","hash":"6091122e20a18796f43402d4f4efa404cbfedf00"}
,"/Users/aleksandrtagunov/Desktop/testJS/dbConnection.js": {"path":"/Users/aleksandrtagunov/Desktop/testJS/dbConnection.js","statementMap":{"0":{"start":{"line":1,"column":11},"end":{"line":1,"column":64}},"1":{"start":{"line":3,"column":24},"end":{"line":3,"column":42}},"2":{"start":{"line":3,"column":30},"end":{"line":3,"column":42}},"3":{"start":{"line":5,"column":0},"end":{"line":8,"column":2}}},"fnMap":{"0":{"name":"(anonymous_0)","decl":{"start":{"line":3,"column":24},"end":{"line":3,"column":25}},"loc":{"start":{"line":3,"column":30},"end":{"line":3,"column":42}},"line":3}},"branchMap":{},"s":{"0":1,"1":1,"2":1,"3":1},"f":{"0":1},"b":{},"_coverageSchema":"1a1c01bbd47fc00a2c39e90264f33305004495a9","hash":"81e1ecc2051d0c674daa15acfc38c0f39082d9d6"}
,"/Users/aleksandrtagunov/Desktop/testJS/inventoryController.js": {"path":"/Users/aleksandrtagunov/Desktop/testJS/inventoryController.js","statementMap":{"0":{"start":{"line":1,"column":15},"end":{"line":1,"column":34}},"1":{"start":{"line":3,"column":18},"end":{"line":3,"column":27}},"2":{"start":{"line":5,"column":23},"end":{"line":15,"column":1}},"3":{"start":{"line":6,"column":2},"end":{"line":6,"column":74}},"4":{"start":{"line":6,"column":29},"end":{"line":6,"column":74}},"5":{"start":{"line":7,"column":26},"end":{"line":7,"column":50}},"6":{"start":{"line":8,"column":22},"end":{"line":8,"column":41}},"7":{"start":{"line":9,"column":2},"end":{"line":9,"column":35}},"8":{"start":{"line":10,"column":2},"end":{"line":13,"column":4}},"9":{"start":{"line":14,"column":2},"end":{"line":14,"column":21}},"10":{"start":{"line":17,"column":21},"end":{"line":28,"column":1}},"11":{"start":{"line":18,"column":23},"end":{"line":18,"column":54}},"12":{"start":{"line":19,"column":19},"end":{"line":22,"column":3}},"13":{"start":{"line":20,"column":37},"end":{"line":20,"column":70}},"14":{"start":{"line":23,"column":2},"end":{"line":23,"column":58}},"15":{"start":{"line":24,"column":2},"end":{"line":27,"column":4}},"16":{"start":{"line":30,"column":0},"end":{"line":30,"column":61}}},"fnMap":{"0":{"name":"(anonymous_0)","decl":{"start":{"line":5,"column":23},"end":{"line":5,"column":24}},"loc":{"start":{"line":5,"column":36},"end":{"line":15,"column":1}},"line":5},"1":{"name":"(anonymous_1)","decl":{"start":{"line":17,"column":21},"end":{"line":17,"column":22}},"loc":{"start":{"line":17,"column":27},"end":{"line":28,"column":1}},"line":17},"2":{"name":"(anonymous_2)","decl":{"start":{"line":20,"column":4},"end":{"line":20,"column":5}},"loc":{"start":{"line":20,"column":37},"end":{"line":20,"column":70}},"line":20}},"branchMap":{"0":{"loc":{"start":{"line":6,"column":2},"end":{"line":6,"column":74}},"type":"if","locations":[{"start":{"line":6,"column":2},"end":{"line":6,"column":74}},{"start":{"line":6,"column":2},"end":{"line":6,"column":74}}],"line":6},"1":{"loc":{"start":{"line":7,"column":26},"end":{"line":7,"column":50}},"type":"binary-expr","locations":[{"start":{"line":7,"column":26},"end":{"line":7,"column":45}},{"start":{"line":7,"column":49},"end":{"line":7,"column":50}}],"line":7}},"s":{"0":1,"1":1,"2":1,"3":2,"4":1,"5":1,"6":1,"7":1,"8":1,"9":1,"10":1,"11":2,"12":2,"13":2,"14":2,"15":2,"16":1},"f":{"0":2,"1":2,"2":2},"b":{"0":[1,1],"1":[1,1]},"_coverageSchema":"1a1c01bbd47fc00a2c39e90264f33305004495a9","hash":"7b78f938a78197046c989137e6b743f9757ec9e1"}
,"/Users/aleksandrtagunov/Desktop/testJS/knexfile.js": {"path":"/Users/aleksandrtagunov/Desktop/testJS/knexfile.js","statementMap":{"0":{"start":{"line":1,"column":0},"end":{"line":7,"column":2}}},"fnMap":{},"branchMap":{},"s":{"0":1},"f":{},"b":{},"_coverageSchema":"1a1c01bbd47fc00a2c39e90264f33305004495a9","hash":"7dc9dfe494036251764c0620217191d98ca62419"}
,"/Users/aleksandrtagunov/Desktop/testJS/logger.js": {"path":"/Users/aleksandrtagunov/Desktop/testJS/logger.js","statementMap":{"0":{"start":{"line":1,"column":13},"end":{"line":1,"column":28}},"1":{"start":{"line":2,"column":21},"end":{"line":2,"column":27}},"2":{"start":{"line":4,"column":15},"end":{"line":7,"column":1}},"3":{"start":{"line":9,"column":0},"end":{"line":9,"column":24}}},"fnMap":{},"branchMap":{},"s":{"0":1,"1":1,"2":1,"3":1},"f":{},"b":{},"_coverageSchema":"1a1c01bbd47fc00a2c39e90264f33305004495a9","hash":"2f90bd05678b11cba6e6824beee62788b44d3d77"}
,"/Users/aleksandrtagunov/Desktop/testJS/server.js": {"path":"/Users/aleksandrtagunov/Desktop/testJS/server.js","statementMap":{"0":{"start":{"line":1,"column":12},"end":{"line":1,"column":26}},"1":{"start":{"line":2,"column":15},"end":{"line":2,"column":36}},"2":{"start":{"line":4,"column":12},"end":{"line":4,"column":21}},"3":{"start":{"line":5,"column":15},"end":{"line":5,"column":27}},"4":{"start":{"line":7,"column":12},"end":{"line":7,"column":21}},"5":{"start":{"line":8,"column":18},"end":{"line":8,"column":27}},"6":{"start":{"line":10,"column":0},"end":{"line":13,"column":3}},"7":{"start":{"line":11,"column":15},"end":{"line":11,"column":45}},"8":{"start":{"line":12,"column":2},"end":{"line":12,"column":48}},"9":{"start":{"line":15,"column":0},"end":{"line":25,"column":3}},"10":{"start":{"line":16,"column":29},"end":{"line":16,"column":39}},"11":{"start":{"line":17,"column":2},"end":{"line":20,"column":3}},"12":{"start":{"line":18,"column":4},"end":{"line":18,"column":21}},"13":{"start":{"line":19,"column":4},"end":{"line":19,"column":11}},"14":{"start":{"line":21,"column":2},"end":{"line":21,"column":47}},"15":{"start":{"line":22,"column":19},"end":{"line":22,"column":59}},"16":{"start":{"line":23,"column":2},"end":{"line":23,"column":32}},"17":{"start":{"line":24,"column":2},"end":{"line":24,"column":22}},"18":{"start":{"line":27,"column":0},"end":{"line":32,"column":3}},"19":{"start":{"line":28,"column":29},"end":{"line":28,"column":39}},"20":{"start":{"line":29,"column":19},"end":{"line":29,"column":72}},"21":{"start":{"line":29,"column":61},"end":{"line":29,"column":71}},"22":{"start":{"line":30,"column":2},"end":{"line":30,"column":32}},"23":{"start":{"line":31,"column":2},"end":{"line":31,"column":22}},"24":{"start":{"line":34,"column":0},"end":{"line":34,"column":25}},"25":{"start":{"line":42,"column":19},"end":{"line":44,"column":1}},"26":{"start":{"line":43,"column":2},"end":{"line":43,"column":20}},"27":{"start":{"line":46,"column":0},"end":{"line":51,"column":2}}},"fnMap":{"0":{"name":"(anonymous_0)","decl":{"start":{"line":10,"column":37},"end":{"line":10,"column":38}},"loc":{"start":{"line":10,"column":46},"end":{"line":13,"column":1}},"line":10},"1":{"name":"(anonymous_1)","decl":{"start":{"line":15,"column":44},"end":{"line":15,"column":45}},"loc":{"start":{"line":15,"column":53},"end":{"line":25,"column":1}},"line":15},"2":{"name":"(anonymous_2)","decl":{"start":{"line":27,"column":46},"end":{"line":27,"column":47}},"loc":{"start":{"line":27,"column":55},"end":{"line":32,"column":1}},"line":27},"3":{"name":"(anonymous_3)","decl":{"start":{"line":29,"column":54},"end":{"line":29,"column":55}},"loc":{"start":{"line":29,"column":61},"end":{"line":29,"column":71}},"line":29},"4":{"name":"(anonymous_4)","decl":{"start":{"line":42,"column":19},"end":{"line":42,"column":20}},"loc":{"start":{"line":42,"column":25},"end":{"line":44,"column":1}},"line":42}},"branchMap":{"0":{"loc":{"start":{"line":12,"column":2},"end":{"line":12,"column":47}},"type":"cond-expr","locations":[{"start":{"line":12,"column":10},"end":{"line":12,"column":25}},{"start":{"line":12,"column":30},"end":{"line":12,"column":46}}],"line":12},"1":{"loc":{"start":{"line":17,"column":2},"end":{"line":20,"column":3}},"type":"if","locations":[{"start":{"line":17,"column":2},"end":{"line":20,"column":3}},{"start":{"line":17,"column":2},"end":{"line":20,"column":3}}],"line":17},"2":{"loc":{"start":{"line":22,"column":20},"end":{"line":22,"column":45}},"type":"binary-expr","locations":[{"start":{"line":22,"column":20},"end":{"line":22,"column":39}},{"start":{"line":22,"column":43},"end":{"line":22,"column":45}}],"line":22},"3":{"loc":{"start":{"line":29,"column":20},"end":{"line":29,"column":45}},"type":"binary-expr","locations":[{"start":{"line":29,"column":20},"end":{"line":29,"column":39}},{"start":{"line":29,"column":43},"end":{"line":29,"column":45}}],"line":29}},"s":{"0":1,"1":1,"2":1,"3":1,"4":1,"5":1,"6":1,"7":0,"8":0,"9":1,"10":4,"11":4,"12":1,"13":1,"14":3,"15":3,"16":3,"17":3,"18":1,"19":0,"20":0,"21":0,"22":0,"23":0,"24":1,"25":1,"26":0,"27":1},"f":{"0":0,"1":4,"2":0,"3":0,"4":0},"b":{"0":[0,0],"1":[1,3],"2":[3,3],"3":[0,0]},"_coverageSchema":"1a1c01bbd47fc00a2c39e90264f33305004495a9","hash":"3d2c571441e3999de436f738f2535bc7d9822d76"}
}
